0 info it worked if it ends with ok
1 verbose cli [ '/home/kokoc/.nvm/versions/node/v5.7.1/bin/node',
1 verbose cli   '/home/kokoc/.nvm/versions/node/v5.7.1/bin/npm',
1 verbose cli   'start' ]
2 info using npm@3.8.1
3 info using node@v5.7.1
4 verbose run-script [ 'prestart', 'start', 'poststart' ]
5 info lifecycle headparser@1.0.0~prestart: headparser@1.0.0
6 silly lifecycle headparser@1.0.0~prestart: no script for prestart, continuing
7 info lifecycle headparser@1.0.0~start: headparser@1.0.0
8 verbose lifecycle headparser@1.0.0~start: unsafe-perm in lifecycle true
9 verbose lifecycle headparser@1.0.0~start: PATH: /home/kokoc/.nvm/versions/node/v5.7.1/lib/node_modules/npm/bin/node-gyp-bin:/home/kokoc/FFCProjects/headparser/node_modules/.bin:/home/kokoc/.nvm/versions/node/v5.7.1/bin:/home/kokoc/.nvm/versions/node/v5.7.1/bin:/home/kokoc/mongodb/bin:/usr/local/heroku/bin:/home/kokoc/.rbenv/plugins/ruby-build/bin:/home/kokoc/.rbenv/shims:/home/kokoc/.rbenv/bin:/usr/local/sbin:/usr/local/bin:/usr/sbin:/usr/bin:/sbin:/bin:/usr/games:/usr/local/games://opt/SublimeText2
10 verbose lifecycle headparser@1.0.0~start: CWD: /home/kokoc/FFCProjects/headparser
11 silly lifecycle headparser@1.0.0~start: Args: [ '-c', 'node app.js' ]
12 silly lifecycle headparser@1.0.0~start: Returned: code: 1  signal: null
13 info lifecycle headparser@1.0.0~start: Failed to exec start script
14 verbose stack Error: headparser@1.0.0 start: `node app.js`
14 verbose stack Exit status 1
14 verbose stack     at EventEmitter.<anonymous> (/home/kokoc/.nvm/versions/node/v5.7.1/lib/node_modules/npm/lib/utils/lifecycle.js:239:16)
14 verbose stack     at emitTwo (events.js:100:13)
14 verbose stack     at EventEmitter.emit (events.js:185:7)
14 verbose stack     at ChildProcess.<anonymous> (/home/kokoc/.nvm/versions/node/v5.7.1/lib/node_modules/npm/lib/utils/spawn.js:24:14)
14 verbose stack     at emitTwo (events.js:100:13)
14 verbose stack     at ChildProcess.emit (events.js:185:7)
14 verbose stack     at maybeClose (internal/child_process.js:827:16)
14 verbose stack     at Process.ChildProcess._handle.onexit (internal/child_process.js:211:5)
15 verbose pkgid headparser@1.0.0
16 verbose cwd /home/kokoc/FFCProjects/headparser
17 error Linux 4.2.0-30-generic
18 error argv "/home/kokoc/.nvm/versions/node/v5.7.1/bin/node" "/home/kokoc/.nvm/versions/node/v5.7.1/bin/npm" "start"
19 error node v5.7.1
20 error npm  v3.8.1
21 error code ELIFECYCLE
22 error headparser@1.0.0 start: `node app.js`
22 error Exit status 1
23 error Failed at the headparser@1.0.0 start script 'node app.js'.
23 error Make sure you have the latest version of node.js and npm installed.
23 error If you do, this is most likely a problem with the headparser package,
23 error not with npm itself.
23 error Tell the author that this fails on your system:
23 error     node app.js
23 error You can get information on how to open an issue for this project with:
23 error     npm bugs headparser
23 error Or if that isn't available, you can get their info via:
23 error     npm owner ls headparser
23 error There is likely additional logging output above.
24 verbose exit [ 1, true ]
